
/home/runner/work/exp-introduction-engineering-drawing-nitk/exp-introduction-engineering-drawing-nitk/experiment/simulation/js/exp1.js
   16:1   warning  Mixed spaces and tabs                     no-mixed-spaces-and-tabs
   18:1   warning  Mixed spaces and tabs                     no-mixed-spaces-and-tabs
   48:11  warning  'fun1' is defined but never used          no-unused-vars
   61:12  warning  'fun3' is defined but never used          no-unused-vars
   78:10  warning  'fun2' is defined but never used          no-unused-vars
   88:11  warning  'rotateimage' is defined but never used   no-unused-vars
  107:10  warning  'rotateimage1' is defined but never used  no-unused-vars
  153:10  warning  're' is defined but never used            no-unused-vars
  155:7   warning  'ctx' is assigned a value but never used  no-unused-vars
  168:11  warning  'visibleia' is defined but never used     no-unused-vars
  174:11  warning  'visiblia' is defined but never used      no-unused-vars
  212:6   warning  'm' is assigned a value but never used    no-unused-vars
  213:11  warning  'roti' is defined but never used          no-unused-vars
  216:9   warning  'img' is assigned a value but never used  no-unused-vars
  327:11  warning  'rotateimagea' is defined but never used  no-unused-vars
  374:11  warning  'visibli1' is defined but never used      no-unused-vars
  382:11  warning  'visibleia1' is defined but never used    no-unused-vars
  436:9   warning  'w' is assigned a value but never used    no-unused-vars

✖ 18 problems (0 errors, 18 warnings)

